[2020-03-31T21:29:10.359] [ERROR] http - ::1 - - "GET /asd HTTP/1.1" 404 34 "" "Mozilla/5.0 (Windows NT 10.0; Win64; x64) AppleWebKit/537.36 (KHTML, like Gecko) Chrome/80.0.3987.149 Safari/537.36"
[2020-03-31T21:29:16.291] [WARN] http - ::1 - - "GET / HTTP/1.1" 304 - "" "Mozilla/5.0 (Windows NT 10.0; Win64; x64) AppleWebKit/537.36 (KHTML, like Gecko) Chrome/80.0.3987.149 Safari/537.36"
[2020-03-31T21:29:16.332] [WARN] http - ::1 - - "GET /images/hello.jpg HTTP/1.1" 304 - "http://localhost:3000/" "Mozilla/5.0 (Windows NT 10.0; Win64; x64) AppleWebKit/537.36 (KHTML, like Gecko) Chrome/80.0.3987.149 Safari/537.36"
[2020-03-31T21:37:54.046] [WARN] http - ::1 - - "GET / HTTP/1.1" 304 - "" "Mozilla/5.0 (Windows NT 10.0; Win64; x64) AppleWebKit/537.36 (KHTML, like Gecko) Chrome/80.0.3987.149 Safari/537.36"
[2020-03-31T21:37:54.084] [WARN] http - ::1 - - "GET /images/hello.jpg HTTP/1.1" 304 - "http://localhost:3000/" "Mozilla/5.0 (Windows NT 10.0; Win64; x64) AppleWebKit/537.36 (KHTML, like Gecko) Chrome/80.0.3987.149 Safari/537.36"
[2020-03-31T21:37:57.769] [ERROR] http - ::1 - - "GET /asd HTTP/1.1" 404 - "" "Mozilla/5.0 (Windows NT 10.0; Win64; x64) AppleWebKit/537.36 (KHTML, like Gecko) Chrome/80.0.3987.149 Safari/537.36"
[2020-03-31T21:44:01.582] [WARN] http - ::1 - - "GET / HTTP/1.1" 304 - "" "Mozilla/5.0 (Windows NT 10.0; Win64; x64) AppleWebKit/537.36 (KHTML, like Gecko) Chrome/80.0.3987.149 Safari/537.36"
[2020-03-31T21:44:01.623] [WARN] http - ::1 - - "GET /images/hello.jpg HTTP/1.1" 304 - "http://localhost:3000/" "Mozilla/5.0 (Windows NT 10.0; Win64; x64) AppleWebKit/537.36 (KHTML, like Gecko) Chrome/80.0.3987.149 Safari/537.36"
[2020-03-31T21:53:07.905] [INFO] http - ::1 - - "GET / HTTP/1.1" 200 689 "" "Mozilla/5.0 (Windows NT 10.0; Win64; x64) AppleWebKit/537.36 (KHTML, like Gecko) Chrome/80.0.3987.149 Safari/537.36"
[2020-03-31T21:53:07.992] [WARN] http - ::1 - - "GET /images/hello.jpg HTTP/1.1" 304 - "http://localhost:3000/" "Mozilla/5.0 (Windows NT 10.0; Win64; x64) AppleWebKit/537.36 (KHTML, like Gecko) Chrome/80.0.3987.149 Safari/537.36"
[2020-03-31T21:54:37.070] [WARN] http - ::1 - - "GET /topic/CSS3 HTTP/1.1" 304 - "http://localhost:3000/" "Mozilla/5.0 (Windows NT 10.0; Win64; x64) AppleWebKit/537.36 (KHTML, like Gecko) Chrome/80.0.3987.149 Safari/537.36"
[2020-03-31T21:54:49.785] [WARN] http - ::1 - - "GET / HTTP/1.1" 304 - "http://localhost:3000/topic/CSS3" "Mozilla/5.0 (Windows NT 10.0; Win64; x64) AppleWebKit/537.36 (KHTML, like Gecko) Chrome/80.0.3987.149 Safari/537.36"
[2020-03-31T21:54:49.836] [WARN] http - ::1 - - "GET /images/hello.jpg HTTP/1.1" 304 - "http://localhost:3000/" "Mozilla/5.0 (Windows NT 10.0; Win64; x64) AppleWebKit/537.36 (KHTML, like Gecko) Chrome/80.0.3987.149 Safari/537.36"
[2020-03-31T21:54:54.558] [INFO] http - ::1 - - "GET /topic/HTML HTTP/1.1" 200 882 "http://localhost:3000/" "Mozilla/5.0 (Windows NT 10.0; Win64; x64) AppleWebKit/537.36 (KHTML, like Gecko) Chrome/80.0.3987.149 Safari/537.36"
[2020-03-31T21:55:03.511] [INFO] http - ::1 - - "GET /topic/JavaScript HTTP/1.1" 200 912 "http://localhost:3000/topic/HTML" "Mozilla/5.0 (Windows NT 10.0; Win64; x64) AppleWebKit/537.36 (KHTML, like Gecko) Chrome/80.0.3987.149 Safari/537.36"
[2020-03-31T21:55:09.539] [INFO] http - ::1 - - "GET /topic/create HTTP/1.1" 200 810 "http://localhost:3000/topic/JavaScript" "Mozilla/5.0 (Windows NT 10.0; Win64; x64) AppleWebKit/537.36 (KHTML, like Gecko) Chrome/80.0.3987.149 Safari/537.36"
[2020-03-31T21:55:16.644] [WARN] http - ::1 - - "POST /topic/create_process HTTP/1.1" 302 66 "http://localhost:3000/topic/create" "Mozilla/5.0 (Windows NT 10.0; Win64; x64) AppleWebKit/537.36 (KHTML, like Gecko) Chrome/80.0.3987.149 Safari/537.36"
[2020-03-31T21:55:16.650] [INFO] http - ::1 - - "GET /topic/Test HTTP/1.1" 200 914 "http://localhost:3000/topic/create" "Mozilla/5.0 (Windows NT 10.0; Win64; x64) AppleWebKit/537.36 (KHTML, like Gecko) Chrome/80.0.3987.149 Safari/537.36"
[2020-03-31T21:55:38.328] [ERROR] http - ::1 - - "GET /topics HTTP/1.1" 404 - "" "Mozilla/5.0 (Windows NT 10.0; Win64; x64) AppleWebKit/537.36 (KHTML, like Gecko) Chrome/80.0.3987.149 Safari/537.36"
[2020-03-31T21:57:27.751] [INFO] http - ::1 - - "GET / HTTP/1.1" 200 728 "" "Mozilla/5.0 (Windows NT 10.0; Win64; x64) AppleWebKit/537.36 (KHTML, like Gecko) Chrome/80.0.3987.149 Safari/537.36"
[2020-03-31T21:57:27.814] [WARN] http - ::1 - - "GET /images/hello.jpg HTTP/1.1" 304 - "http://localhost:3000/" "Mozilla/5.0 (Windows NT 10.0; Win64; x64) AppleWebKit/537.36 (KHTML, like Gecko) Chrome/80.0.3987.149 Safari/537.36"
[2020-03-31T22:00:17.499] [ERROR] http - ::1 - - "GET /topic/asd HTTP/1.1" 500 624 "" "Mozilla/5.0 (Windows NT 10.0; Win64; x64) AppleWebKit/537.36 (KHTML, like Gecko) Chrome/80.0.3987.149 Safari/537.36"
[2020-03-31T22:02:33.434] [WARN] http - ::1 - - "GET / HTTP/1.1" 304 - "" "Mozilla/5.0 (Windows NT 10.0; Win64; x64) AppleWebKit/537.36 (KHTML, like Gecko) Chrome/80.0.3987.149 Safari/537.36"
[2020-03-31T22:02:33.468] [WARN] http - ::1 - - "GET /images/hello.jpg HTTP/1.1" 304 - "http://localhost:3000/" "Mozilla/5.0 (Windows NT 10.0; Win64; x64) AppleWebKit/537.36 (KHTML, like Gecko) Chrome/80.0.3987.149 Safari/537.36"
[2020-03-31T22:02:39.377] [ERROR] http - ::1 - - "GET /topic/asd HTTP/1.1" 500 599 "" "Mozilla/5.0 (Windows NT 10.0; Win64; x64) AppleWebKit/537.36 (KHTML, like Gecko) Chrome/80.0.3987.149 Safari/537.36"
[2020-03-31T22:02:50.795] [ERROR] http - ::1 - - "GET /topics HTTP/1.1" 404 - "" "Mozilla/5.0 (Windows NT 10.0; Win64; x64) AppleWebKit/537.36 (KHTML, like Gecko) Chrome/80.0.3987.149 Safari/537.36"
[2020-03-31T22:02:58.795] [WARN] http - ::1 - - "GET / HTTP/1.1" 304 - "" "Mozilla/5.0 (Windows NT 10.0; Win64; x64) AppleWebKit/537.36 (KHTML, like Gecko) Chrome/80.0.3987.149 Safari/537.36"
[2020-03-31T22:02:58.824] [WARN] http - ::1 - - "GET /images/hello.jpg HTTP/1.1" 304 - "http://localhost:3000/" "Mozilla/5.0 (Windows NT 10.0; Win64; x64) AppleWebKit/537.36 (KHTML, like Gecko) Chrome/80.0.3987.149 Safari/537.36"
[2020-03-31T22:03:01.159] [WARN] http - ::1 - - "GET /topic/Test HTTP/1.1" 304 - "http://localhost:3000/" "Mozilla/5.0 (Windows NT 10.0; Win64; x64) AppleWebKit/537.36 (KHTML, like Gecko) Chrome/80.0.3987.149 Safari/537.36"
[2020-03-31T22:03:03.409] [WARN] http - ::1 - - "POST /topic/delete_process HTTP/1.1" 302 46 "http://localhost:3000/topic/Test" "Mozilla/5.0 (Windows NT 10.0; Win64; x64) AppleWebKit/537.36 (KHTML, like Gecko) Chrome/80.0.3987.149 Safari/537.36"
[2020-03-31T22:03:03.416] [INFO] http - ::1 - - "GET / HTTP/1.1" 200 689 "http://localhost:3000/topic/Test" "Mozilla/5.0 (Windows NT 10.0; Win64; x64) AppleWebKit/537.36 (KHTML, like Gecko) Chrome/80.0.3987.149 Safari/537.36"
[2020-03-31T22:03:03.439] [WARN] http - ::1 - - "GET /images/hello.jpg HTTP/1.1" 304 - "http://localhost:3000/" "Mozilla/5.0 (Windows NT 10.0; Win64; x64) AppleWebKit/537.36 (KHTML, like Gecko) Chrome/80.0.3987.149 Safari/537.36"
