[2021-03-03T15:54:52.222] [INFO] http - ::1 - - "POST /inquiry HTTP/1.1" 200 127 "" "PostmanRuntime/7.26.10"
[2021-03-03T16:13:51.024] [ERROR] http - ::1 - - "GET / HTTP/1.1" 404 59 "" "Mozilla/5.0 (Windows NT 10.0; Win64; x64) AppleWebKit/537.36 (KHTML, like Gecko) Chrome/88.0.4324.190 Safari/537.36"
[2021-03-03T16:13:51.285] [ERROR] http - ::1 - - "GET /favicon.ico HTTP/1.1" 404 59 "" "Mozilla/5.0 (Windows NT 10.0; Win64; x64) AppleWebKit/537.36 (KHTML, like Gecko) Chrome/88.0.4324.190 Safari/537.36"
[2021-03-03T16:14:08.091] [INFO] http - ::1 - - "GET /members HTTP/1.1" 200 741 "" "Mozilla/5.0 (Windows NT 10.0; Win64; x64) AppleWebKit/537.36 (KHTML, like Gecko) Chrome/88.0.4324.190 Safari/537.36"
[2021-03-03T16:14:39.916] [ERROR] http - ::1 - - "GET /inquiry HTTP/1.1" 404 59 "" "Mozilla/5.0 (Windows NT 10.0; Win64; x64) AppleWebKit/537.36 (KHTML, like Gecko) Chrome/88.0.4324.190 Safari/537.36"
[2021-03-03T17:12:17.679] [ERROR] http - 127.0.0.1 - - "POST / HTTP/1.1" 404 59 "" "PostmanRuntime/7.26.10"
[2021-03-03T17:12:31.110] [INFO] http - 127.0.0.1 - - "POST /inquiry HTTP/1.1" 200 127 "" "PostmanRuntime/7.26.10"
[2021-03-03T17:13:50.903] [INFO] http - 127.0.0.1 - - "POST /inquiry HTTP/1.1" 200 127 "" "axios/0.21.1"
[2021-03-03T17:15:44.943] [INFO] http - 127.0.0.1 - - "POST /inquiry HTTP/1.1" 200 127 "" "axios/0.21.1"
[2021-03-03T17:16:18.343] [INFO] http - 127.0.0.1 - - "POST /inquiry HTTP/1.1" 200 127 "" "axios/0.21.1"
[2021-03-03T17:16:22.778] [INFO] http - 127.0.0.1 - - "POST /inquiry HTTP/1.1" 200 127 "" "axios/0.21.1"
[2021-03-03T17:16:31.580] [INFO] http - 127.0.0.1 - - "POST /inquiry HTTP/1.1" 200 127 "" "axios/0.21.1"
[2021-03-03T17:17:04.479] [INFO] http - ::ffff:127.0.0.1 - - "POST /inquiry HTTP/1.1" 200 127 "" "axios/0.21.1"
[2021-03-03T17:52:14.719] [INFO] http - ::1 - - "GET /members HTTP/1.1" 200 741 "" "PostmanRuntime/7.26.10"
[2021-03-03T17:52:24.755] [ERROR] http - ::1 - - "GET /members/lim@mail.com HTTP/1.1" 404 59 "" "PostmanRuntime/7.26.10"
[2021-03-03T17:53:32.232] [ERROR] http - ::1 - - "GET /members/lim@mail.com HTTP/1.1" 404 59 "" "PostmanRuntime/7.26.10"
[2021-03-03T17:54:12.877] [ERROR] http - ::1 - - "GET /members/lim@mail.com HTTP/1.1" 404 59 "" "PostmanRuntime/7.26.10"
[2021-03-03T17:56:07.061] [ERROR] http - ::1 - - "GET /members/lim@mail.com HTTP/1.1" 404 59 "" "PostmanRuntime/7.26.10"
[2021-03-03T17:56:29.607] [ERROR] http - ::1 - - "GET /members HTTP/1.1" 404 59 "" "PostmanRuntime/7.26.10"
[2021-03-03T17:56:31.992] [ERROR] http - ::1 - - "GET /members HTTP/1.1" 404 59 "" "PostmanRuntime/7.26.10"
[2021-03-03T17:57:14.703] [ERROR] http - ::1 - - "GET /members HTTP/1.1" 404 59 "" "PostmanRuntime/7.26.10"
[2021-03-03T17:57:17.307] [ERROR] http - ::1 - - "GET /members HTTP/1.1" 404 59 "" "PostmanRuntime/7.26.10"
[2021-03-03T17:57:51.503] [ERROR] http - ::1 - - "GET /members HTTP/1.1" 404 59 "" "PostmanRuntime/7.26.10"
[2021-03-03T17:57:59.028] [ERROR] http - ::1 - - "GET / HTTP/1.1" 404 59 "" "Mozilla/5.0 (Windows NT 10.0; Win64; x64) AppleWebKit/537.36 (KHTML, like Gecko) Chrome/88.0.4324.190 Safari/537.36"
[2021-03-03T17:58:03.315] [ERROR] http - ::1 - - "GET /members HTTP/1.1" 404 59 "" "Mozilla/5.0 (Windows NT 10.0; Win64; x64) AppleWebKit/537.36 (KHTML, like Gecko) Chrome/88.0.4324.190 Safari/537.36"
[2021-03-03T17:59:15.423] [ERROR] http - ::1 - - "GET /members/ HTTP/1.1" 404 59 "" "Mozilla/5.0 (Windows NT 10.0; Win64; x64) AppleWebKit/537.36 (KHTML, like Gecko) Chrome/88.0.4324.190 Safari/537.36"
[2021-03-03T17:59:47.257] [ERROR] http - ::1 - - "GET /members/ HTTP/1.1" 404 59 "" "Mozilla/5.0 (Windows NT 10.0; Win64; x64) AppleWebKit/537.36 (KHTML, like Gecko) Chrome/88.0.4324.190 Safari/537.36"
[2021-03-03T17:59:48.259] [ERROR] http - ::1 - - "GET /members/ HTTP/1.1" 404 59 "" "Mozilla/5.0 (Windows NT 10.0; Win64; x64) AppleWebKit/537.36 (KHTML, like Gecko) Chrome/88.0.4324.190 Safari/537.36"
[2021-03-03T17:59:48.495] [ERROR] http - ::1 - - "GET /members/ HTTP/1.1" 404 59 "" "Mozilla/5.0 (Windows NT 10.0; Win64; x64) AppleWebKit/537.36 (KHTML, like Gecko) Chrome/88.0.4324.190 Safari/537.36"
[2021-03-03T17:59:48.718] [ERROR] http - ::1 - - "GET /members/ HTTP/1.1" 404 59 "" "Mozilla/5.0 (Windows NT 10.0; Win64; x64) AppleWebKit/537.36 (KHTML, like Gecko) Chrome/88.0.4324.190 Safari/537.36"
[2021-03-03T17:59:48.911] [ERROR] http - ::1 - - "GET /members/ HTTP/1.1" 404 59 "" "Mozilla/5.0 (Windows NT 10.0; Win64; x64) AppleWebKit/537.36 (KHTML, like Gecko) Chrome/88.0.4324.190 Safari/537.36"
[2021-03-03T17:59:53.508] [ERROR] http - ::1 - - "GET /members/ HTTP/1.1" 404 59 "" "Mozilla/5.0 (Windows NT 10.0; Win64; x64) AppleWebKit/537.36 (KHTML, like Gecko) Chrome/88.0.4324.190 Safari/537.36"
[2021-03-03T18:00:54.342] [INFO] http - ::1 - - "GET /members HTTP/1.1" 200 741 "" "PostmanRuntime/7.26.10"
[2021-03-03T18:01:05.430] [INFO] http - ::1 - - "GET /members HTTP/1.1" 200 741 "" "PostmanRuntime/7.26.10"
[2021-03-03T18:01:45.328] [ERROR] http - ::1 - - "GET /members/lim@mail.com HTTP/1.1" 404 59 "" "PostmanRuntime/7.26.10"
[2021-03-03T18:02:03.704] [ERROR] http - ::1 - - "GET /members/lim@mail.com HTTP/1.1" 404 59 "" "PostmanRuntime/7.26.10"
[2021-03-03T18:02:08.771] [ERROR] http - ::1 - - "GET /members/ HTTP/1.1" 404 59 "" "PostmanRuntime/7.26.10"
[2021-03-03T18:02:12.268] [INFO] http - ::1 - - "GET /members HTTP/1.1" 200 741 "" "PostmanRuntime/7.26.10"
[2021-03-03T18:02:16.292] [ERROR] http - ::1 - - "GET /members/ HTTP/1.1" 404 59 "" "PostmanRuntime/7.26.10"
[2021-03-03T18:02:22.066] [ERROR] http - ::1 - - "GET /members/email HTTP/1.1" 404 59 "" "PostmanRuntime/7.26.10"
[2021-03-03T18:03:01.395] [ERROR] http - ::1 - - "GET /members/email HTTP/1.1" 404 59 "" "PostmanRuntime/7.26.10"
[2021-03-03T18:03:25.807] [ERROR] http - ::1 - - "GET /members/ HTTP/1.1" 404 59 "" "Mozilla/5.0 (Windows NT 10.0; Win64; x64) AppleWebKit/537.36 (KHTML, like Gecko) Chrome/88.0.4324.190 Safari/537.36"
[2021-03-03T18:03:28.206] [INFO] http - ::1 - - "GET /members HTTP/1.1" 200 741 "" "Mozilla/5.0 (Windows NT 10.0; Win64; x64) AppleWebKit/537.36 (KHTML, like Gecko) Chrome/88.0.4324.190 Safari/537.36"
[2021-03-03T18:08:58.075] [INFO] http - ::1 - - "GET /members HTTP/1.1" 200 741 "" "PostmanRuntime/7.26.10"
[2021-03-03T18:10:16.190] [INFO] http - ::1 - - "GET /members HTTP/1.1" 200 128 "" "PostmanRuntime/7.26.10"
[2021-03-03T18:10:39.287] [ERROR] http - ::1 - - "GET /members?email=lim@mail.com HTTP/1.1" 404 59 "" "PostmanRuntime/7.26.10"
[2021-03-03T18:10:59.001] [ERROR] http - ::1 - - "GET /members?email=lim@mail.com HTTP/1.1" 404 59 "" "PostmanRuntime/7.26.10"
[2021-03-03T18:12:15.952] [INFO] http - ::1 - - "GET /members HTTP/1.1" 200 127 "" "PostmanRuntime/7.26.10"
[2021-03-03T18:12:31.028] [ERROR] http - ::1 - - "GET /members HTTP/1.1" 400 128 "" "PostmanRuntime/7.26.10"
[2021-03-03T18:13:43.840] [ERROR] http - ::1 - - "GET /members HTTP/1.1" 500 128 "" "PostmanRuntime/7.26.10"
[2021-03-03T18:28:45.159] [ERROR] http - ::1 - - "GET /members?email=%22lim@mail.com%22 HTTP/1.1" 404 59 "" "PostmanRuntime/7.26.10"
[2021-03-03T18:29:05.693] [ERROR] http - ::1 - - "GET /members HTTP/1.1" 500 128 "" "PostmanRuntime/7.26.10"
[2021-03-03T18:43:48.179] [ERROR] http - ::1 - - "POST /members HTTP/1.1" 500 196 "" "PostmanRuntime/7.26.10"
[2021-03-03T18:43:57.943] [INFO] http - ::1 - - "POST /members HTTP/1.1" 200 58 "" "PostmanRuntime/7.26.10"
[2021-03-03T18:44:38.049] [ERROR] http - ::1 - - "DELETE /members HTTP/1.1" 404 59 "" "PostmanRuntime/7.26.10"
[2021-03-03T18:45:06.428] [INFO] http - ::1 - - "DELETE /members HTTP/1.1" 200 60 "" "PostmanRuntime/7.26.10"
[2021-03-03T20:16:48.313] [INFO] http - ::1 - - "GET /members HTTP/1.1" 200 54 "" "PostmanRuntime/7.26.10"
[2021-03-03T20:18:57.181] [ERROR] http - ::1 - - "GET /members HTTP/1.1" 500 128 "" "PostmanRuntime/7.26.10"
[2021-03-03T20:26:28.864] [INFO] http - ::1 - - "GET /members HTTP/1.1" 200 54 "" "PostmanRuntime/7.26.10"
[2021-03-03T20:26:44.112] [INFO] http - ::1 - - "GET /members HTTP/1.1" 200 54 "" "PostmanRuntime/7.26.10"
[2021-03-03T20:26:47.579] [INFO] http - ::1 - - "GET /members HTTP/1.1" 200 54 "" "PostmanRuntime/7.26.10"
[2021-03-03T20:27:21.321] [INFO] http - ::1 - - "POST /members HTTP/1.1" 200 58 "" "PostmanRuntime/7.26.10"
[2021-03-03T20:27:29.804] [INFO] http - ::1 - - "GET /members HTTP/1.1" 200 126 "" "PostmanRuntime/7.26.10"
[2021-03-03T20:27:35.859] [INFO] http - ::1 - - "GET /members HTTP/1.1" 200 54 "" "PostmanRuntime/7.26.10"
[2021-03-03T20:32:22.823] [INFO] http - ::1 - - "GET /members HTTP/1.1" 200 54 "" "PostmanRuntime/7.26.10"
[2021-03-03T20:32:56.987] [INFO] http - ::1 - - "GET /members HTTP/1.1" 200 54 "" "PostmanRuntime/7.26.10"
[2021-03-03T20:33:10.719] [INFO] http - ::1 - - "GET /members HTTP/1.1" 200 126 "" "PostmanRuntime/7.26.10"
[2021-03-03T20:46:22.911] [INFO] http - ::1 - - "GET /members HTTP/1.1" 200 126 "" "PostmanRuntime/7.26.10"
[2021-03-03T20:48:54.290] [INFO] http - ::1 - - "GET /members HTTP/1.1" 200 126 "" "PostmanRuntime/7.26.10"
[2021-03-03T20:49:03.473] [ERROR] http - ::1 - - "GET /members HTTP/1.1" 200 808 "" "PostmanRuntime/7.26.10"
[2021-03-03T20:50:15.178] [ERROR] http - ::1 - - "GET /members HTTP/1.1" 200 808 "" "PostmanRuntime/7.26.10"
[2021-03-03T21:13:17.961] [INFO] http - ::1 - - "GET /members HTTP/1.1" 200 808 "" "PostmanRuntime/7.26.10"
[2021-03-03T21:13:23.605] [INFO] http - ::1 - - "GET /members HTTP/1.1" 200 126 "" "PostmanRuntime/7.26.10"
[2021-03-03T21:13:31.991] [INFO] http - ::1 - - "GET /members HTTP/1.1" 200 54 "" "PostmanRuntime/7.26.10"
[2021-03-03T21:31:29.030] [INFO] http - ::ffff:127.0.0.1 - - "GET /members HTTP/1.1" 200 808 "" "undefined"
[2021-03-03T21:31:29.342] [INFO] http - ::ffff:127.0.0.1 - - "POST /members HTTP/1.1" 200 58 "" "undefined"
