[2021-03-02T20:36:58.467] [ERROR] app - Response { code: 0, message: 'Not Found!', value: null, status: 404 }
[2021-03-02T20:38:18.048] [ERROR] app - Response { code: 0, message: 'Not Found!', value: null, status: 404 }
[2021-03-03T16:13:51.018] [ERROR] app - Response { code: 0, message: 'Not Found!', value: null, status: 404 }
[2021-03-03T16:13:51.284] [ERROR] app - Response { code: 0, message: 'Not Found!', value: null, status: 404 }
[2021-03-03T16:14:39.914] [ERROR] app - Response { code: 0, message: 'Not Found!', value: null, status: 404 }
[2021-03-03T17:12:17.670] [ERROR] app - Response { code: 0, message: 'Not Found!', value: null, status: 404 }
[2021-03-03T17:52:24.752] [ERROR] app - Response { code: 0, message: 'Not Found!', value: null, status: 404 }
[2021-03-03T17:53:32.226] [ERROR] app - Response { code: 0, message: 'Not Found!', value: null, status: 404 }
[2021-03-03T17:54:12.870] [ERROR] app - Response { code: 0, message: 'Not Found!', value: null, status: 404 }
[2021-03-03T17:56:07.055] [ERROR] app - Response { code: 0, message: 'Not Found!', value: null, status: 404 }
[2021-03-03T17:56:29.606] [ERROR] app - Response { code: 0, message: 'Not Found!', value: null, status: 404 }
[2021-03-03T17:56:31.991] [ERROR] app - Response { code: 0, message: 'Not Found!', value: null, status: 404 }
[2021-03-03T17:57:14.696] [ERROR] app - Response { code: 0, message: 'Not Found!', value: null, status: 404 }
[2021-03-03T17:57:17.307] [ERROR] app - Response { code: 0, message: 'Not Found!', value: null, status: 404 }
[2021-03-03T17:57:51.502] [ERROR] app - Response { code: 0, message: 'Not Found!', value: null, status: 404 }
[2021-03-03T17:57:59.026] [ERROR] app - Response { code: 0, message: 'Not Found!', value: null, status: 404 }
[2021-03-03T17:58:03.312] [ERROR] app - Response { code: 0, message: 'Not Found!', value: null, status: 404 }
[2021-03-03T17:59:15.421] [ERROR] app - Response { code: 0, message: 'Not Found!', value: null, status: 404 }
[2021-03-03T17:59:47.255] [ERROR] app - Response { code: 0, message: 'Not Found!', value: null, status: 404 }
[2021-03-03T17:59:48.258] [ERROR] app - Response { code: 0, message: 'Not Found!', value: null, status: 404 }
[2021-03-03T17:59:48.494] [ERROR] app - Response { code: 0, message: 'Not Found!', value: null, status: 404 }
[2021-03-03T17:59:48.717] [ERROR] app - Response { code: 0, message: 'Not Found!', value: null, status: 404 }
[2021-03-03T17:59:48.910] [ERROR] app - Response { code: 0, message: 'Not Found!', value: null, status: 404 }
[2021-03-03T17:59:53.507] [ERROR] app - Response { code: 0, message: 'Not Found!', value: null, status: 404 }
[2021-03-03T18:01:45.326] [ERROR] app - Response { code: 0, message: 'Not Found!', value: null, status: 404 }
[2021-03-03T18:02:03.700] [ERROR] app - Response { code: 0, message: 'Not Found!', value: null, status: 404 }
[2021-03-03T18:02:08.770] [ERROR] app - Response { code: 0, message: 'Not Found!', value: null, status: 404 }
[2021-03-03T18:02:16.291] [ERROR] app - Response { code: 0, message: 'Not Found!', value: null, status: 404 }
[2021-03-03T18:02:22.065] [ERROR] app - Response { code: 0, message: 'Not Found!', value: null, status: 404 }
[2021-03-03T18:03:01.388] [ERROR] app - Response { code: 0, message: 'Not Found!', value: null, status: 404 }
[2021-03-03T18:03:25.797] [ERROR] app - Response { code: 0, message: 'Not Found!', value: null, status: 404 }
[2021-03-03T18:10:39.284] [ERROR] app - Response { code: 0, message: 'Not Found!', value: null, status: 404 }
[2021-03-03T18:10:59.000] [ERROR] app - Response { code: 0, message: 'Not Found!', value: null, status: 404 }
[2021-03-03T18:12:31.025] [ERROR] app - SyntaxError: Unexpected token / in JSON at position 0
    at JSON.parse (<anonymous>)
    at createStrictSyntaxError (C:\Users\세컨드\Desktop\study\Node.JS\새 폴더\Node.js\members\node_modules\body-parser\lib\types\json.js:158:10)
    at parse (C:\Users\세컨드\Desktop\study\Node.JS\새 폴더\Node.js\members\node_modules\body-parser\lib\types\json.js:83:15)
    at C:\Users\세컨드\Desktop\study\Node.JS\새 폴더\Node.js\members\node_modules\body-parser\lib\read.js:121:18
    at invokeCallback (C:\Users\세컨드\Desktop\study\Node.JS\새 폴더\Node.js\members\node_modules\raw-body\index.js:224:16)
    at done (C:\Users\세컨드\Desktop\study\Node.JS\새 폴더\Node.js\members\node_modules\raw-body\index.js:213:7)
    at IncomingMessage.onEnd (C:\Users\세컨드\Desktop\study\Node.JS\새 폴더\Node.js\members\node_modules\raw-body\index.js:273:7)
    at IncomingMessage.emit (events.js:333:22)
    at endReadableNT (_stream_readable.js:1204:12)
    at processTicksAndRejections (internal/process/task_queues.js:84:21) {
  expose: true,
  statusCode: 400,
  status: 400,
  body: '// {\n// \t"email": "lim@mail.com"\n// }',
  type: 'entity.parse.failed'
}
[2021-03-03T18:13:43.837] [ERROR] app - Response {
  code: 0,
  message: 'Invalid email',
  value: Result {
    formatter: [Function: formatter],
    errors: [ [Object] ],
    status: 400
  }
}
[2021-03-03T18:28:45.158] [ERROR] app - Response { code: 0, message: 'Not Found!', value: null, status: 404 }
[2021-03-03T18:29:05.691] [ERROR] app - Response {
  code: 0,
  message: 'Invalid email',
  value: Result {
    formatter: [Function: formatter],
    errors: [ [Object] ],
    status: 400
  }
}
[2021-03-03T18:43:48.178] [ERROR] app - Response {
  code: 0,
  message: 'Invalid password',
  value: Result {
    formatter: [Function: formatter],
    errors: [ [Object] ],
    status: 400
  }
}
[2021-03-03T18:44:38.047] [ERROR] app - Response { code: 0, message: 'Not Found!', value: null, status: 404 }
[2021-03-03T20:18:57.175] [ERROR] app - Response {
  code: 0,
  message: 'Invalid email',
  value: Result {
    formatter: [Function: formatter],
    errors: [ [Object] ],
    status: 400
  }
}
[2021-03-05T15:44:43.577] [ERROR] app - Response { code: 0, message: 'Not Found!', value: null, status: 404 }
[2021-03-05T15:48:33.123] [ERROR] app - Response { code: 0, message: 'Not Found!', value: null, status: 404 }
[2021-03-16T14:40:27.986] [ERROR] app - Response {
  code: 1,
  message: 'DB Error!',
  value: Error: connect ECONNREFUSED 127.0.0.1:3306
      at PromisePool.query (C:\Users\세컨드\Desktop\study\Node.JS\새 폴더\Node.js\members\node_modules\mysql2\promise.js:340:22)
      at getEmailInfo (C:\Users\세컨드\Desktop\study\Node.JS\새 폴더\Node.js\members\controller\membersController.js:11:25)
      at exports.inquiry (C:\Users\세컨드\Desktop\study\Node.JS\새 폴더\Node.js\members\controller\membersController.js:46:24)
      at Layer.handle [as handle_request] (C:\Users\세컨드\Desktop\study\Node.JS\새 폴더\Node.js\members\node_modules\express\lib\router\layer.js:95:5)
      at next (C:\Users\세컨드\Desktop\study\Node.JS\새 폴더\Node.js\members\node_modules\express\lib\router\route.js:137:13)
      at exports.email (C:\Users\세컨드\Desktop\study\Node.JS\새 폴더\Node.js\members\controller\validator.js:16:13)
      at Layer.handle [as handle_request] (C:\Users\세컨드\Desktop\study\Node.JS\새 폴더\Node.js\members\node_modules\express\lib\router\layer.js:95:5)
      at next (C:\Users\세컨드\Desktop\study\Node.JS\새 폴더\Node.js\members\node_modules\express\lib\router\route.js:137:13)
      at middleware (C:\Users\세컨드\Desktop\study\Node.JS\새 폴더\Node.js\members\node_modules\express-validator\src\middlewares\check.js:16:13)
      at processTicksAndRejections (internal/process/task_queues.js:97:5) {
    message: 'connect ECONNREFUSED 127.0.0.1:3306',
    code: 'ECONNREFUSED',
    errno: 'ECONNREFUSED',
    sqlState: undefined,
    sqlMessage: undefined
  }
}
[2021-03-16T14:40:30.154] [ERROR] app - Response {
  code: 1,
  message: 'DB Error!',
  value: Error: connect ECONNREFUSED 127.0.0.1:3306
      at PromisePool.query (C:\Users\세컨드\Desktop\study\Node.JS\새 폴더\Node.js\members\node_modules\mysql2\promise.js:340:22)
      at getEmailInfo (C:\Users\세컨드\Desktop\study\Node.JS\새 폴더\Node.js\members\controller\membersController.js:13:25)
      at exports.register (C:\Users\세컨드\Desktop\study\Node.JS\새 폴더\Node.js\members\controller\membersController.js:24:24)
      at Layer.handle [as handle_request] (C:\Users\세컨드\Desktop\study\Node.JS\새 폴더\Node.js\members\node_modules\express\lib\router\layer.js:95:5)
      at next (C:\Users\세컨드\Desktop\study\Node.JS\새 폴더\Node.js\members\node_modules\express\lib\router\route.js:137:13)
      at exports.password (C:\Users\세컨드\Desktop\study\Node.JS\새 폴더\Node.js\members\controller\validator.js:38:13)
      at Layer.handle [as handle_request] (C:\Users\세컨드\Desktop\study\Node.JS\새 폴더\Node.js\members\node_modules\express\lib\router\layer.js:95:5)
      at next (C:\Users\세컨드\Desktop\study\Node.JS\새 폴더\Node.js\members\node_modules\express\lib\router\route.js:137:13)
      at middleware (C:\Users\세컨드\Desktop\study\Node.JS\새 폴더\Node.js\members\node_modules\express-validator\src\middlewares\check.js:16:13)
      at processTicksAndRejections (internal/process/task_queues.js:97:5) {
    message: 'connect ECONNREFUSED 127.0.0.1:3306',
    code: 'ECONNREFUSED',
    errno: 'ECONNREFUSED',
    sqlState: undefined,
    sqlMessage: undefined
  }
}
[2021-03-16T14:40:32.176] [ERROR] app - Response {
  code: 1,
  message: 'DB Error!',
  value: Error: connect ECONNREFUSED 127.0.0.1:3306
      at PromisePool.query (C:\Users\세컨드\Desktop\study\Node.JS\새 폴더\Node.js\members\node_modules\mysql2\promise.js:340:22)
      at getEmailInfo (C:\Users\세컨드\Desktop\study\Node.JS\새 폴더\Node.js\members\controller\membersController.js:11:25)
      at exports.inquiry (C:\Users\세컨드\Desktop\study\Node.JS\새 폴더\Node.js\members\controller\membersController.js:46:24)
      at Layer.handle [as handle_request] (C:\Users\세컨드\Desktop\study\Node.JS\새 폴더\Node.js\members\node_modules\express\lib\router\layer.js:95:5)
      at next (C:\Users\세컨드\Desktop\study\Node.JS\새 폴더\Node.js\members\node_modules\express\lib\router\route.js:137:13)
      at exports.email (C:\Users\세컨드\Desktop\study\Node.JS\새 폴더\Node.js\members\controller\validator.js:16:13)
      at Layer.handle [as handle_request] (C:\Users\세컨드\Desktop\study\Node.JS\새 폴더\Node.js\members\node_modules\express\lib\router\layer.js:95:5)
      at next (C:\Users\세컨드\Desktop\study\Node.JS\새 폴더\Node.js\members\node_modules\express\lib\router\route.js:137:13)
      at middleware (C:\Users\세컨드\Desktop\study\Node.JS\새 폴더\Node.js\members\node_modules\express-validator\src\middlewares\check.js:16:13)
      at processTicksAndRejections (internal/process/task_queues.js:97:5) {
    message: 'connect ECONNREFUSED 127.0.0.1:3306',
    code: 'ECONNREFUSED',
    errno: 'ECONNREFUSED',
    sqlState: undefined,
    sqlMessage: undefined
  }
}
[2021-03-16T14:45:26.375] [ERROR] app - Response {
  code: 1,
  message: 'DB Error!',
  value: Error: connect ECONNREFUSED 127.0.0.1:3306
      at PromisePool.query (C:\Users\세컨드\Desktop\study\Node.JS\새 폴더\Node.js\members\node_modules\mysql2\promise.js:340:22)
      at getEmailInfo (C:\Users\세컨드\Desktop\study\Node.JS\새 폴더\Node.js\members\controller\membersController.js:13:25)
      at exports.inquiry (C:\Users\세컨드\Desktop\study\Node.JS\새 폴더\Node.js\members\controller\membersController.js:46:24)
      at Layer.handle [as handle_request] (C:\Users\세컨드\Desktop\study\Node.JS\새 폴더\Node.js\members\node_modules\express\lib\router\layer.js:95:5)
      at next (C:\Users\세컨드\Desktop\study\Node.JS\새 폴더\Node.js\members\node_modules\express\lib\router\route.js:137:13)
      at exports.email (C:\Users\세컨드\Desktop\study\Node.JS\새 폴더\Node.js\members\controller\validator.js:22:13)
      at Layer.handle [as handle_request] (C:\Users\세컨드\Desktop\study\Node.JS\새 폴더\Node.js\members\node_modules\express\lib\router\layer.js:95:5)
      at next (C:\Users\세컨드\Desktop\study\Node.JS\새 폴더\Node.js\members\node_modules\express\lib\router\route.js:137:13)
      at middleware (C:\Users\세컨드\Desktop\study\Node.JS\새 폴더\Node.js\members\node_modules\express-validator\src\middlewares\check.js:16:13)
      at processTicksAndRejections (internal/process/task_queues.js:97:5) {
    message: 'connect ECONNREFUSED 127.0.0.1:3306',
    code: 'ECONNREFUSED',
    errno: 'ECONNREFUSED',
    sqlState: undefined,
    sqlMessage: undefined
  }
}
[2021-03-16T15:57:27.437] [ERROR] app - Response {
  code: 1,
  message: 'DB Error!',
  value: Error: connect ECONNREFUSED 127.0.0.1:3306
      at PromisePool.query (C:\Users\세컨드\Desktop\study\Node.JS\새 폴더\Node.js\members\node_modules\mysql2\promise.js:340:22)
      at getEmailInfo (C:\Users\세컨드\Desktop\study\Node.JS\새 폴더\Node.js\members\controller\membersController.js:11:25)
      at exports.inquiry (C:\Users\세컨드\Desktop\study\Node.JS\새 폴더\Node.js\members\controller\membersController.js:46:24)
      at Layer.handle [as handle_request] (C:\Users\세컨드\Desktop\study\Node.JS\새 폴더\Node.js\members\node_modules\express\lib\router\layer.js:95:5)
      at next (C:\Users\세컨드\Desktop\study\Node.JS\새 폴더\Node.js\members\node_modules\express\lib\router\route.js:137:13)
      at exports.email (C:\Users\세컨드\Desktop\study\Node.JS\새 폴더\Node.js\members\controller\validator.js:14:7)
      at Layer.handle [as handle_request] (C:\Users\세컨드\Desktop\study\Node.JS\새 폴더\Node.js\members\node_modules\express\lib\router\layer.js:95:5)
      at next (C:\Users\세컨드\Desktop\study\Node.JS\새 폴더\Node.js\members\node_modules\express\lib\router\route.js:137:13)
      at middleware (C:\Users\세컨드\Desktop\study\Node.JS\새 폴더\Node.js\members\node_modules\express-validator\src\middlewares\check.js:16:13)
      at processTicksAndRejections (internal/process/task_queues.js:97:5) {
    message: 'connect ECONNREFUSED 127.0.0.1:3306',
    code: 'ECONNREFUSED',
    errno: 'ECONNREFUSED',
    sqlState: undefined,
    sqlMessage: undefined
  }
}
[2021-03-16T15:58:08.234] [ERROR] app - Response {
  code: 1,
  message: 'DB Error!',
  value: Error: connect ECONNREFUSED 127.0.0.1:3306
      at PromisePool.query (C:\Users\세컨드\Desktop\study\Node.JS\새 폴더\Node.js\members\node_modules\mysql2\promise.js:340:22)
      at getEmailInfo (C:\Users\세컨드\Desktop\study\Node.JS\새 폴더\Node.js\members\controller\membersController.js:11:25)
      at exports.inquiry (C:\Users\세컨드\Desktop\study\Node.JS\새 폴더\Node.js\members\controller\membersController.js:46:24)
      at Layer.handle [as handle_request] (C:\Users\세컨드\Desktop\study\Node.JS\새 폴더\Node.js\members\node_modules\express\lib\router\layer.js:95:5)
      at next (C:\Users\세컨드\Desktop\study\Node.JS\새 폴더\Node.js\members\node_modules\express\lib\router\route.js:137:13)
      at exports.email (C:\Users\세컨드\Desktop\study\Node.JS\새 폴더\Node.js\members\controller\validator.js:14:7)
      at Layer.handle [as handle_request] (C:\Users\세컨드\Desktop\study\Node.JS\새 폴더\Node.js\members\node_modules\express\lib\router\layer.js:95:5)
      at next (C:\Users\세컨드\Desktop\study\Node.JS\새 폴더\Node.js\members\node_modules\express\lib\router\route.js:137:13)
      at middleware (C:\Users\세컨드\Desktop\study\Node.JS\새 폴더\Node.js\members\node_modules\express-validator\src\middlewares\check.js:16:13)
      at processTicksAndRejections (internal/process/task_queues.js:97:5) {
    message: 'connect ECONNREFUSED 127.0.0.1:3306',
    code: 'ECONNREFUSED',
    errno: 'ECONNREFUSED',
    sqlState: undefined,
    sqlMessage: undefined
  }
}
[2021-03-16T15:58:22.589] [ERROR] app - Response {
  code: 1,
  message: 'DB Error!',
  value: Error: connect ECONNREFUSED 127.0.0.1:3306
      at PromisePool.query (C:\Users\세컨드\Desktop\study\Node.JS\새 폴더\Node.js\members\node_modules\mysql2\promise.js:340:22)
      at getEmailInfo (C:\Users\세컨드\Desktop\study\Node.JS\새 폴더\Node.js\members\controller\membersController.js:11:25)
      at exports.inquiry (C:\Users\세컨드\Desktop\study\Node.JS\새 폴더\Node.js\members\controller\membersController.js:46:24)
      at Layer.handle [as handle_request] (C:\Users\세컨드\Desktop\study\Node.JS\새 폴더\Node.js\members\node_modules\express\lib\router\layer.js:95:5)
      at next (C:\Users\세컨드\Desktop\study\Node.JS\새 폴더\Node.js\members\node_modules\express\lib\router\route.js:137:13)
      at exports.email (C:\Users\세컨드\Desktop\study\Node.JS\새 폴더\Node.js\members\controller\validator.js:14:7)
      at Layer.handle [as handle_request] (C:\Users\세컨드\Desktop\study\Node.JS\새 폴더\Node.js\members\node_modules\express\lib\router\layer.js:95:5)
      at next (C:\Users\세컨드\Desktop\study\Node.JS\새 폴더\Node.js\members\node_modules\express\lib\router\route.js:137:13)
      at middleware (C:\Users\세컨드\Desktop\study\Node.JS\새 폴더\Node.js\members\node_modules\express-validator\src\middlewares\check.js:16:13)
      at processTicksAndRejections (internal/process/task_queues.js:97:5) {
    message: 'connect ECONNREFUSED 127.0.0.1:3306',
    code: 'ECONNREFUSED',
    errno: 'ECONNREFUSED',
    sqlState: undefined,
    sqlMessage: undefined
  }
}
[2021-03-16T15:59:10.646] [ERROR] app - Response {
  code: 1,
  message: 'DB Error!',
  value: Error: connect ECONNREFUSED 127.0.0.1:3306
      at PromisePool.query (C:\Users\세컨드\Desktop\study\Node.JS\새 폴더\Node.js\members\node_modules\mysql2\promise.js:340:22)
      at getEmailInfo (C:\Users\세컨드\Desktop\study\Node.JS\새 폴더\Node.js\members\controller\membersController.js:11:25)
      at exports.inquiry (C:\Users\세컨드\Desktop\study\Node.JS\새 폴더\Node.js\members\controller\membersController.js:46:24)
      at Layer.handle [as handle_request] (C:\Users\세컨드\Desktop\study\Node.JS\새 폴더\Node.js\members\node_modules\express\lib\router\layer.js:95:5)
      at next (C:\Users\세컨드\Desktop\study\Node.JS\새 폴더\Node.js\members\node_modules\express\lib\router\route.js:137:13)
      at exports.email (C:\Users\세컨드\Desktop\study\Node.JS\새 폴더\Node.js\members\controller\validator.js:14:7)
      at Layer.handle [as handle_request] (C:\Users\세컨드\Desktop\study\Node.JS\새 폴더\Node.js\members\node_modules\express\lib\router\layer.js:95:5)
      at next (C:\Users\세컨드\Desktop\study\Node.JS\새 폴더\Node.js\members\node_modules\express\lib\router\route.js:137:13)
      at middleware (C:\Users\세컨드\Desktop\study\Node.JS\새 폴더\Node.js\members\node_modules\express-validator\src\middlewares\check.js:16:13)
      at processTicksAndRejections (internal/process/task_queues.js:97:5) {
    message: 'connect ECONNREFUSED 127.0.0.1:3306',
    code: 'ECONNREFUSED',
    errno: 'ECONNREFUSED',
    sqlState: undefined,
    sqlMessage: undefined
  }
}
[2021-03-16T15:59:19.512] [ERROR] app - Response {
  code: 1,
  message: 'DB Error!',
  value: Error: connect ECONNREFUSED 127.0.0.1:3306
      at PromisePool.query (C:\Users\세컨드\Desktop\study\Node.JS\새 폴더\Node.js\members\node_modules\mysql2\promise.js:340:22)
      at getEmailInfo (C:\Users\세컨드\Desktop\study\Node.JS\새 폴더\Node.js\members\controller\membersController.js:11:25)
      at exports.inquiry (C:\Users\세컨드\Desktop\study\Node.JS\새 폴더\Node.js\members\controller\membersController.js:46:24)
      at Layer.handle [as handle_request] (C:\Users\세컨드\Desktop\study\Node.JS\새 폴더\Node.js\members\node_modules\express\lib\router\layer.js:95:5)
      at next (C:\Users\세컨드\Desktop\study\Node.JS\새 폴더\Node.js\members\node_modules\express\lib\router\route.js:137:13)
      at exports.email (C:\Users\세컨드\Desktop\study\Node.JS\새 폴더\Node.js\members\controller\validator.js:14:7)
      at Layer.handle [as handle_request] (C:\Users\세컨드\Desktop\study\Node.JS\새 폴더\Node.js\members\node_modules\express\lib\router\layer.js:95:5)
      at next (C:\Users\세컨드\Desktop\study\Node.JS\새 폴더\Node.js\members\node_modules\express\lib\router\route.js:137:13)
      at middleware (C:\Users\세컨드\Desktop\study\Node.JS\새 폴더\Node.js\members\node_modules\express-validator\src\middlewares\check.js:16:13)
      at processTicksAndRejections (internal/process/task_queues.js:97:5) {
    message: 'connect ECONNREFUSED 127.0.0.1:3306',
    code: 'ECONNREFUSED',
    errno: 'ECONNREFUSED',
    sqlState: undefined,
    sqlMessage: undefined
  }
}
[2021-03-16T18:06:41.729] [ERROR] app - {
  code: 1,
  message: 'DB Error!',
  value: {
    message: 'connect ECONNREFUSED 127.0.0.1:3306',
    code: 'ECONNREFUSED',
    errno: 'ECONNREFUSED'
  }
}
[2021-03-16T18:06:44.007] [ERROR] app - {
  code: 1,
  message: 'DB Error!',
  value: {
    message: 'connect ECONNREFUSED 127.0.0.1:3306',
    code: 'ECONNREFUSED',
    errno: 'ECONNREFUSED'
  }
}
[2021-03-16T18:06:46.125] [ERROR] app - {
  code: 1,
  message: 'DB Error!',
  value: {
    message: 'connect ECONNREFUSED 127.0.0.1:3306',
    code: 'ECONNREFUSED',
    errno: 'ECONNREFUSED'
  }
}
[2021-03-16T18:06:48.257] [ERROR] app - {
  code: 1,
  message: 'DB Error!',
  value: {
    message: 'connect ECONNREFUSED 127.0.0.1:3306',
    code: 'ECONNREFUSED',
    errno: 'ECONNREFUSED'
  }
}
